mode: set
github.com/golangFame/imageslicer/imageslicer.go:26.62,30.21 2 1
github.com/golangFame/imageslicer/imageslicer.go:30.21,32.3 1 0
github.com/golangFame/imageslicer/imageslicer.go:34.2,44.61 6 1
github.com/golangFame/imageslicer/imageslicer.go:44.61,46.60 1 1
github.com/golangFame/imageslicer/imageslicer.go:46.60,53.4 2 1
github.com/golangFame/imageslicer/imageslicer.go:60.2,60.8 1 1
github.com/golangFame/imageslicer/imageslicer.go:63.72,65.47 1 1
github.com/golangFame/imageslicer/imageslicer.go:65.47,67.3 1 0
github.com/golangFame/imageslicer/imageslicer.go:69.2,80.59 7 1
github.com/golangFame/imageslicer/imageslicer.go:80.59,82.60 1 1
github.com/golangFame/imageslicer/imageslicer.go:82.60,93.4 5 1
github.com/golangFame/imageslicer/imageslicer.go:94.3,94.22 1 1
github.com/golangFame/imageslicer/imageslicer.go:97.2,98.8 2 1
github.com/golangFame/imageslicer/imageslicer.go:101.41,105.16 3 0
github.com/golangFame/imageslicer/imageslicer.go:105.16,107.3 1 0
github.com/golangFame/imageslicer/imageslicer.go:108.2,110.8 2 0
github.com/golangFame/imageslicer/imageslicer.go:113.55,115.16 2 1
github.com/golangFame/imageslicer/imageslicer.go:115.16,119.3 2 0
github.com/golangFame/imageslicer/imageslicer.go:121.2,123.16 3 1
github.com/golangFame/imageslicer/imageslicer.go:123.16,126.3 2 0
github.com/golangFame/imageslicer/imageslicer.go:127.2,127.8 1 1
github.com/golangFame/imageslicer/imageslicer.go:130.72,136.25 3 1
github.com/golangFame/imageslicer/imageslicer.go:136.25,141.3 3 1
github.com/golangFame/imageslicer/imageslicer.go:143.2,145.19 2 1
github.com/golangFame/imageslicer/imageslicer.go:147.21,148.33 1 1
github.com/golangFame/imageslicer/imageslicer.go:149.13,150.32 1 1
github.com/golangFame/imageslicer/imageslicer.go:152.10,153.37 1 1
github.com/golangFame/imageslicer/imageslicer.go:156.2,156.16 1 1
github.com/golangFame/imageslicer/imageslicer.go:156.16,159.3 2 0
github.com/golangFame/imageslicer/imageslicer.go:160.2,160.8 1 1
github.com/golangFame/imageslicer/imageslicer.go:163.68,166.16 2 1
github.com/golangFame/imageslicer/imageslicer.go:166.16,169.3 2 0
github.com/golangFame/imageslicer/imageslicer.go:170.2,176.17 4 1
github.com/golangFame/imageslicer/imageslicer.go:178.21,179.29 1 1
github.com/golangFame/imageslicer/imageslicer.go:180.13,181.28 1 1
github.com/golangFame/imageslicer/imageslicer.go:183.10,185.33 2 0
github.com/golangFame/imageslicer/imageslicer.go:188.2,188.16 1 1
github.com/golangFame/imageslicer/imageslicer.go:188.16,191.3 2 0
github.com/golangFame/imageslicer/imageslicer.go:193.2,193.8 1 1
github.com/golangFame/imageslicer/imageslicer.go:196.61,199.36 2 1
github.com/golangFame/imageslicer/imageslicer.go:199.36,202.3 2 0
github.com/golangFame/imageslicer/imageslicer.go:203.2,203.8 1 1
github.com/golangFame/imageslicer/imageslicer.go:208.56,213.19 3 0
github.com/golangFame/imageslicer/imageslicer.go:213.19,216.3 2 0
github.com/golangFame/imageslicer/imageslicer.go:218.2,219.16 2 0
github.com/golangFame/imageslicer/imageslicer.go:219.16,221.3 1 0
github.com/golangFame/imageslicer/imageslicer.go:222.2,224.17 2 0
github.com/golangFame/imageslicer/imageslicer.go:225.13,226.44 1 0
github.com/golangFame/imageslicer/imageslicer.go:226.44,228.4 1 0
github.com/golangFame/imageslicer/imageslicer.go:230.10,231.50 1 0
github.com/golangFame/imageslicer/imageslicer.go:231.50,233.4 1 0
github.com/golangFame/imageslicer/imageslicer.go:236.2,236.16 1 0
github.com/golangFame/imageslicer/imageslicer.go:236.16,238.3 1 0
github.com/golangFame/imageslicer/imageslicer.go:240.2,240.8 1 0
github.com/golangFame/imageslicer/imageslicer.go:243.62,245.2 1 0
github.com/golangFame/imageslicer/version.go:4.23,7.2 1 0
